Vivado Simulator 2020.1
Copyright 1986-1999, 2001-2020 Xilinx, Inc. All Rights Reserved.
Running: C:/Xilinx/Vivado/2020.1/bin/unwrapped/win64.o/xelab.exe -wto 919d26ae75724073b2f0359781950980 --incr --debug typical --relax --mt 2 -L blk_mem_gen_v8_4_4 -L xil_defaultlib -L unisims_ver -L unimacro_ver -L secureip -L xpm --snapshot laserSync_tb_behav xil_defaultlib.laserSync_tb xil_defaultlib.glbl -log elaborate.log 
Using 2 slave threads.
Starting static elaboration
Pass Through NonSizing Optimizer
Completed static elaboration
Starting simulation data flow analysis
Completed simulation data flow analysis
Time Resolution for simulation is 1ps
Compiling module xil_defaultlib.fixed_div(Q=20,N=39)
Compiling module xil_defaultlib.fixed_mul(Q=13)
Compiling module xil_defaultlib.arcTan
Compiling module xil_defaultlib.fixed_mul(Q=32,N=48)
Compiling module xil_defaultlib.fixed_div(Q=32,N=48)
Compiling module xil_defaultlib.fixed_mul(Q=32,N=34)
Compiling module xil_defaultlib.fixed_sub(Q=32,N=34)
Compiling module xil_defaultlib.fixed_div(Q=32,N=34)
Compiling module xil_defaultlib.thetaCos_default
Compiling module xil_defaultlib.fixed_sqrt(Q=32,N=34)
Compiling module xil_defaultlib.thetaSin
Compiling module xil_defaultlib.cordicManager
Compiling module xil_defaultlib.edgeDetector
Compiling module xil_defaultlib.counter
Compiling module xil_defaultlib.laserDriver
Compiling module blk_mem_gen_v8_4_4.blk_mem_gen_v8_4_4_output_stage(...
Compiling module blk_mem_gen_v8_4_4.blk_mem_gen_v8_4_4_softecc_outpu...
Compiling module blk_mem_gen_v8_4_4.blk_mem_gen_v8_4_4_mem_module(C_...
Compiling module blk_mem_gen_v8_4_4.blk_mem_gen_v8_4_4(C_FAMILY="zyn...
Compiling module xil_defaultlib.timestampBRAM
Compiling module xil_defaultlib.timestampMem_default
Compiling module blk_mem_gen_v8_4_4.blk_mem_gen_v8_4_4_output_stage(...
Compiling module blk_mem_gen_v8_4_4.blk_mem_gen_v8_4_4_softecc_outpu...
Compiling module blk_mem_gen_v8_4_4.blk_mem_gen_v8_4_4_mem_module(C_...
Compiling module blk_mem_gen_v8_4_4.blk_mem_gen_v8_4_4(C_FAMILY="zyn...
Compiling module xil_defaultlib.activePixelBRAM
Compiling module xil_defaultlib.activePixelMem_default
Compiling module xil_defaultlib.memoryManager_default
Compiling module xil_defaultlib.timingCore
Compiling module xil_defaultlib.laserSynchronizer(LINES_PER_FRAM...
Compiling module xil_defaultlib.laserSync_tb
Compiling module xil_defaultlib.glbl
Built simulation snapshot laserSync_tb_behav
