Time resolution is 1 ps
 Block Memory Generator module loading initial data...
 Block Memory Generator data initialization complete.
Block Memory Generator module laserSync_tb.LS_uut.TC_uut.memoryManager_inst.\timestampMemGrp[0].timestampMem_inst .\timestampMem[0].timestampBRAM_inst .inst.\native_mem_module.blk_mem_gen_v8_4_5_inst  is using a behavioral model for simulation which will not precisely model memory collision behavior.
 Block Memory Generator module loading initial data...
 Block Memory Generator data initialization complete.
Block Memory Generator module laserSync_tb.LS_uut.TC_uut.memoryManager_inst.\timestampMemGrp[0].timestampMem_inst .\timestampMem[1].timestampBRAM_inst .inst.\native_mem_module.blk_mem_gen_v8_4_5_inst  is using a behavioral model for simulation which will not precisely model memory collision behavior.
 Block Memory Generator module loading initial data...
 Block Memory Generator data initialization complete.
Block Memory Generator module laserSync_tb.LS_uut.TC_uut.memoryManager_inst.\timestampMemGrp[1].timestampMem_inst .\timestampMem[0].timestampBRAM_inst .inst.\native_mem_module.blk_mem_gen_v8_4_5_inst  is using a behavioral model for simulation which will not precisely model memory collision behavior.
 Block Memory Generator module loading initial data...
 Block Memory Generator data initialization complete.
Block Memory Generator module laserSync_tb.LS_uut.TC_uut.memoryManager_inst.\timestampMemGrp[1].timestampMem_inst .\timestampMem[1].timestampBRAM_inst .inst.\native_mem_module.blk_mem_gen_v8_4_5_inst  is using a behavioral model for simulation which will not precisely model memory collision behavior.
 Block Memory Generator module loading initial data...
 Block Memory Generator data initialization complete.
Block Memory Generator module laserSync_tb.LS_uut.TC_uut.memoryManager_inst.\timestampMemGrp[2].timestampMem_inst .\timestampMem[0].timestampBRAM_inst .inst.\native_mem_module.blk_mem_gen_v8_4_5_inst  is using a behavioral model for simulation which will not precisely model memory collision behavior.
 Block Memory Generator module loading initial data...
 Block Memory Generator data initialization complete.
Block Memory Generator module laserSync_tb.LS_uut.TC_uut.memoryManager_inst.\timestampMemGrp[2].timestampMem_inst .\timestampMem[1].timestampBRAM_inst .inst.\native_mem_module.blk_mem_gen_v8_4_5_inst  is using a behavioral model for simulation which will not precisely model memory collision behavior.
 Block Memory Generator module loading initial data...
 Block Memory Generator data initialization complete.
Block Memory Generator module laserSync_tb.LS_uut.TC_uut.memoryManager_inst.\timestampMemGrp[3].timestampMem_inst .\timestampMem[0].timestampBRAM_inst .inst.\native_mem_module.blk_mem_gen_v8_4_5_inst  is using a behavioral model for simulation which will not precisely model memory collision behavior.
 Block Memory Generator module loading initial data...
 Block Memory Generator data initialization complete.
Block Memory Generator module laserSync_tb.LS_uut.TC_uut.memoryManager_inst.\timestampMemGrp[3].timestampMem_inst .\timestampMem[1].timestampBRAM_inst .inst.\native_mem_module.blk_mem_gen_v8_4_5_inst  is using a behavioral model for simulation which will not precisely model memory collision behavior.
 Block Memory Generator module loading initial data...
 Block Memory Generator data initialization complete.
Block Memory Generator module laserSync_tb.LS_uut.TC_uut.memoryManager_inst.\timestampMemGrp[4].timestampMem_inst .\timestampMem[0].timestampBRAM_inst .inst.\native_mem_module.blk_mem_gen_v8_4_5_inst  is using a behavioral model for simulation which will not precisely model memory collision behavior.
 Block Memory Generator module loading initial data...
 Block Memory Generator data initialization complete.
Block Memory Generator module laserSync_tb.LS_uut.TC_uut.memoryManager_inst.\timestampMemGrp[4].timestampMem_inst .\timestampMem[1].timestampBRAM_inst .inst.\native_mem_module.blk_mem_gen_v8_4_5_inst  is using a behavioral model for simulation which will not precisely model memory collision behavior.
 Block Memory Generator module loading initial data...
 Block Memory Generator data initialization complete.
Block Memory Generator module laserSync_tb.LS_uut.TC_uut.memoryManager_inst.\activePixelMemGrp[0].activePixelMem_inst .\activePixelMem[0].activePixelBRAM_inst .inst.\native_mem_module.blk_mem_gen_v8_4_5_inst  is using a behavioral model for simulation which will not precisely model memory collision behavior.
 Block Memory Generator module loading initial data...
 Block Memory Generator data initialization complete.
Block Memory Generator module laserSync_tb.LS_uut.TC_uut.memoryManager_inst.\activePixelMemGrp[0].activePixelMem_inst .\activePixelMem[1].activePixelBRAM_inst .inst.\native_mem_module.blk_mem_gen_v8_4_5_inst  is using a behavioral model for simulation which will not precisely model memory collision behavior.
 Block Memory Generator module loading initial data...
 Block Memory Generator data initialization complete.
Block Memory Generator module laserSync_tb.LS_uut.TC_uut.memoryManager_inst.\activePixelMemGrp[1].activePixelMem_inst .\activePixelMem[0].activePixelBRAM_inst .inst.\native_mem_module.blk_mem_gen_v8_4_5_inst  is using a behavioral model for simulation which will not precisely model memory collision behavior.
 Block Memory Generator module loading initial data...
 Block Memory Generator data initialization complete.
Block Memory Generator module laserSync_tb.LS_uut.TC_uut.memoryManager_inst.\activePixelMemGrp[1].activePixelMem_inst .\activePixelMem[1].activePixelBRAM_inst .inst.\native_mem_module.blk_mem_gen_v8_4_5_inst  is using a behavioral model for simulation which will not precisely model memory collision behavior.
 Block Memory Generator module loading initial data...
 Block Memory Generator data initialization complete.
Block Memory Generator module laserSync_tb.LS_uut.TC_uut.memoryManager_inst.\activePixelMemGrp[2].activePixelMem_inst .\activePixelMem[0].activePixelBRAM_inst .inst.\native_mem_module.blk_mem_gen_v8_4_5_inst  is using a behavioral model for simulation which will not precisely model memory collision behavior.
 Block Memory Generator module loading initial data...
 Block Memory Generator data initialization complete.
Block Memory Generator module laserSync_tb.LS_uut.TC_uut.memoryManager_inst.\activePixelMemGrp[2].activePixelMem_inst .\activePixelMem[1].activePixelBRAM_inst .inst.\native_mem_module.blk_mem_gen_v8_4_5_inst  is using a behavioral model for simulation which will not precisely model memory collision behavior.
 Block Memory Generator module loading initial data...
 Block Memory Generator data initialization complete.
Block Memory Generator module laserSync_tb.LS_uut.TC_uut.memoryManager_inst.\activePixelMemGrp[3].activePixelMem_inst .\activePixelMem[0].activePixelBRAM_inst .inst.\native_mem_module.blk_mem_gen_v8_4_5_inst  is using a behavioral model for simulation which will not precisely model memory collision behavior.
 Block Memory Generator module loading initial data...
 Block Memory Generator data initialization complete.
Block Memory Generator module laserSync_tb.LS_uut.TC_uut.memoryManager_inst.\activePixelMemGrp[3].activePixelMem_inst .\activePixelMem[1].activePixelBRAM_inst .inst.\native_mem_module.blk_mem_gen_v8_4_5_inst  is using a behavioral model for simulation which will not precisely model memory collision behavior.
 Block Memory Generator module loading initial data...
 Block Memory Generator data initialization complete.
Block Memory Generator module laserSync_tb.LS_uut.TC_uut.memoryManager_inst.\activePixelMemGrp[4].activePixelMem_inst .\activePixelMem[0].activePixelBRAM_inst .inst.\native_mem_module.blk_mem_gen_v8_4_5_inst  is using a behavioral model for simulation which will not precisely model memory collision behavior.
 Block Memory Generator module loading initial data...
 Block Memory Generator data initialization complete.
Block Memory Generator module laserSync_tb.LS_uut.TC_uut.memoryManager_inst.\activePixelMemGrp[4].activePixelMem_inst .\activePixelMem[1].activePixelBRAM_inst .inst.\native_mem_module.blk_mem_gen_v8_4_5_inst  is using a behavioral model for simulation which will not precisely model memory collision behavior.


**************LASER SYNC tb********************

