INFO: [VRFC 10-2263] Analyzing Verilog file "/home/p12-bosch/cordic/laserSync/laserSync.gen/sources_1/ip/activePixelBRAM/sim/activePixelBRAM.v" into library xil_defaultlib
INFO: [VRFC 10-311] analyzing module activePixelBRAM
INFO: [VRFC 10-2263] Analyzing Verilog file "/home/p12-bosch/cordic/laserSync/laserSync.gen/sources_1/ip/timestampBRAM/sim/timestampBRAM.v" into library xil_defaultlib
INFO: [VRFC 10-311] analyzing module timestampBRAM
INFO: [VRFC 10-2263] Analyzing Verilog file "/home/p12-bosch/cordic/laserSync/laserSync.gen/sources_1/ip/fp_sub/sim/fp_sub.v" into library xil_defaultlib
INFO: [VRFC 10-311] analyzing module fp_sub
INFO: [VRFC 10-2263] Analyzing Verilog file "/home/p12-bosch/cordic/laserSync/laserSync.gen/sources_1/ip/fp_div/sim/fp_div.v" into library xil_defaultlib
INFO: [VRFC 10-311] analyzing module fp_div
INFO: [VRFC 10-2263] Analyzing Verilog file "/home/p12-bosch/cordic/laserSync/laserSync.gen/sources_1/ip/fp_mult/sim/fp_mult.v" into library xil_defaultlib
INFO: [VRFC 10-311] analyzing module fp_mult
INFO: [VRFC 10-2263] Analyzing Verilog file "/home/p12-bosch/cordic/laserSync/laserSync.gen/sources_1/ip/fp_sqrt/sim/fp_sqrt.v" into library xil_defaultlib
INFO: [VRFC 10-311] analyzing module fp_sqrt
INFO: [VRFC 10-2263] Analyzing Verilog file "/home/p12-bosch/cordic/laserSync/laserSync.gen/sources_1/ip/fp_CosSin_to_fixed/sim/fp_CosSin_to_fixed.v" into library xil_defaultlib
INFO: [VRFC 10-311] analyzing module fp_CosSin_to_fixed
INFO: [VRFC 10-2263] Analyzing Verilog file "/home/p12-bosch/cordic/laserSync/laserSync.gen/sources_1/ip/fp_cordic_to_float/sim/fp_cordic_to_float.v" into library xil_defaultlib
INFO: [VRFC 10-311] analyzing module fp_cordic_to_float
INFO: [VRFC 10-2263] Analyzing Verilog file "/home/p12-bosch/cordic/laserSync/laserSync.gen/sources_1/ip/fp_uint32_to_float/sim/fp_uint32_to_float.v" into library xil_defaultlib
INFO: [VRFC 10-311] analyzing module fp_uint32_to_float
INFO: [VRFC 10-2263] Analyzing Verilog file "/home/p12-bosch/cordic/laserSync/laserSync.gen/sources_1/ip/fp_dtTicks_to_fixed/sim/fp_dtTicks_to_fixed.v" into library xil_defaultlib
INFO: [VRFC 10-311] analyzing module fp_dtTicks_to_fixed
INFO: [VRFC 10-2263] Analyzing Verilog file "/home/p12-bosch/cordic/laserSync/laserSync.srcs/sources_1/imports/core/activePixelMem.v" into library xil_defaultlib
INFO: [VRFC 10-311] analyzing module activePixelMem
INFO: [VRFC 10-2263] Analyzing Verilog file "/home/p12-bosch/cordic/laserSync/laserSync.srcs/sources_1/imports/core/cordicManager.v" into library xil_defaultlib
INFO: [VRFC 10-311] analyzing module cordicManager
INFO: [VRFC 10-2263] Analyzing Verilog file "/home/p12-bosch/cordic/laserSync/laserSync.srcs/sources_1/imports/core/counter.v" into library xil_defaultlib
INFO: [VRFC 10-311] analyzing module counter
INFO: [VRFC 10-2263] Analyzing Verilog file "/home/p12-bosch/cordic/laserSync/laserSync.srcs/sources_1/imports/core/edgeDetector.v" into library xil_defaultlib
INFO: [VRFC 10-311] analyzing module edgeDetector
INFO: [VRFC 10-2263] Analyzing Verilog file "/home/p12-bosch/cordic/laserSync/laserSync.srcs/sources_1/new/fixed_div.v" into library xil_defaultlib
INFO: [VRFC 10-311] analyzing module fixed_div
INFO: [VRFC 10-2263] Analyzing Verilog file "/home/p12-bosch/cordic/laserSync/laserSync.srcs/sources_1/new/fixed_mul.v" into library xil_defaultlib
INFO: [VRFC 10-311] analyzing module fixed_mul
INFO: [VRFC 10-2263] Analyzing Verilog file "/home/p12-bosch/cordic/laserSync/laserSync.srcs/sources_1/imports/core/fixed_sub.v" into library xil_defaultlib
INFO: [VRFC 10-311] analyzing module fixed_sub
INFO: [VRFC 10-2263] Analyzing Verilog file "/home/p12-bosch/cordic/laserSync/laserSync.srcs/sources_1/imports/core/laserDriver.v" into library xil_defaultlib
INFO: [VRFC 10-311] analyzing module laserDriver
INFO: [VRFC 10-2263] Analyzing Verilog file "/home/p12-bosch/cordic/laserSync/laserSync.srcs/sources_1/imports/core/laserSynchronizer.v" into library xil_defaultlib
INFO: [VRFC 10-311] analyzing module laserSynchronizer
INFO: [VRFC 10-2263] Analyzing Verilog file "/home/p12-bosch/cordic/laserSync/laserSync.srcs/sources_1/imports/core/memoryManager.v" into library xil_defaultlib
INFO: [VRFC 10-311] analyzing module memoryManager
INFO: [VRFC 10-2263] Analyzing Verilog file "/home/p12-bosch/cordic/laserSync/laserSync.srcs/sources_1/new/thetaStep.v" into library xil_defaultlib
INFO: [VRFC 10-311] analyzing module thetaStep
INFO: [VRFC 10-2263] Analyzing Verilog file "/home/p12-bosch/cordic/laserSync/laserSync.srcs/sources_1/imports/core/thetaTangent.v" into library xil_defaultlib
INFO: [VRFC 10-311] analyzing module thetaTangent
INFO: [VRFC 10-2263] Analyzing Verilog file "/home/p12-bosch/cordic/laserSync/laserSync.srcs/sources_1/imports/core/timestampMem.v" into library xil_defaultlib
INFO: [VRFC 10-311] analyzing module timestampMem
INFO: [VRFC 10-2263] Analyzing Verilog file "/home/p12-bosch/cordic/laserSync/laserSync.srcs/sources_1/imports/core/timingCore.v" into library xil_defaultlib
INFO: [VRFC 10-311] analyzing module timingCore
INFO: [VRFC 10-2263] Analyzing Verilog file "/home/p12-bosch/cordic/laserSync/laserSync.srcs/sim_1/imports/sim/laserSync_tb.v" into library xil_defaultlib
INFO: [VRFC 10-311] analyzing module laserSync_tb
